<?xml version="1.0" encoding="UTF-8"?>
<testsuite xmlns:xsi="http://www.w3.org/2001/XMLSchema-instance" xsi:noNamespaceSchemaLocation="https://maven.apache.org/surefire/maven-surefire-plugin/xsd/surefire-test-report-3.0.xsd" version="3.0" name="org.mourya.msscbeerservice.MsscBeerServiceApplicationTests" time="9.107" tests="1" errors="0" skipped="0" failures="0">
  <properties>
    <property name="java.specification.version" value="17"/>
    <property name="sun.cpu.isalist" value="amd64"/>
    <property name="sun.jnu.encoding" value="Cp1252"/>
    <property name="java.class.path" value="C:\Users\Abhishek Mauriya\Desktop\My_Projrcts\Spring_Cloud_From_Guru\mssc-beer-service\target\test-classes;C:\Users\Abhishek Mauriya\Desktop\My_Projrcts\Spring_Cloud_From_Guru\mssc-beer-service\target\classes;C:\Users\Abhishek Mauriya\.m2\repository\org\springframework\boot\spring-boot-starter-actuator\3.2.0\spring-boot-starter-actuator-3.2.0.jar;C:\Users\Abhishek Mauriya\.m2\repository\org\springframework\boot\spring-boot-starter\3.2.0\spring-boot-starter-3.2.0.jar;C:\Users\Abhishek Mauriya\.m2\repository\org\springframework\boot\spring-boot-starter-logging\3.2.0\spring-boot-starter-logging-3.2.0.jar;C:\Users\Abhishek Mauriya\.m2\repository\ch\qos\logback\logback-classic\1.4.11\logback-classic-1.4.11.jar;C:\Users\Abhishek Mauriya\.m2\repository\ch\qos\logback\logback-core\1.4.11\logback-core-1.4.11.jar;C:\Users\Abhishek Mauriya\.m2\repository\org\apache\logging\log4j\log4j-to-slf4j\2.21.1\log4j-to-slf4j-2.21.1.jar;C:\Users\Abhishek Mauriya\.m2\repository\org\apache\logging\log4j\log4j-api\2.21.1\log4j-api-2.21.1.jar;C:\Users\Abhishek Mauriya\.m2\repository\org\slf4j\jul-to-slf4j\2.0.9\jul-to-slf4j-2.0.9.jar;C:\Users\Abhishek Mauriya\.m2\repository\jakarta\annotation\jakarta.annotation-api\2.1.1\jakarta.annotation-api-2.1.1.jar;C:\Users\Abhishek Mauriya\.m2\repository\org\yaml\snakeyaml\2.2\snakeyaml-2.2.jar;C:\Users\Abhishek Mauriya\.m2\repository\org\springframework\boot\spring-boot-actuator-autoconfigure\3.2.0\spring-boot-actuator-autoconfigure-3.2.0.jar;C:\Users\Abhishek Mauriya\.m2\repository\org\springframework\boot\spring-boot-actuator\3.2.0\spring-boot-actuator-3.2.0.jar;C:\Users\Abhishek Mauriya\.m2\repository\com\fasterxml\jackson\core\jackson-databind\2.15.3\jackson-databind-2.15.3.jar;C:\Users\Abhishek Mauriya\.m2\repository\com\fasterxml\jackson\core\jackson-annotations\2.15.3\jackson-annotations-2.15.3.jar;C:\Users\Abhishek Mauriya\.m2\repository\com\fasterxml\jackson\core\jackson-core\2.15.3\jackson-core-2.15.3.jar;C:\Users\Abhishek Mauriya\.m2\repository\com\fasterxml\jackson\datatype\jackson-datatype-jsr310\2.15.3\jackson-datatype-jsr310-2.15.3.jar;C:\Users\Abhishek Mauriya\.m2\repository\io\micrometer\micrometer-observation\1.12.0\micrometer-observation-1.12.0.jar;C:\Users\Abhishek Mauriya\.m2\repository\io\micrometer\micrometer-commons\1.12.0\micrometer-commons-1.12.0.jar;C:\Users\Abhishek Mauriya\.m2\repository\io\micrometer\micrometer-jakarta9\1.12.0\micrometer-jakarta9-1.12.0.jar;C:\Users\Abhishek Mauriya\.m2\repository\io\micrometer\micrometer-core\1.12.0\micrometer-core-1.12.0.jar;C:\Users\Abhishek Mauriya\.m2\repository\org\hdrhistogram\HdrHistogram\2.1.12\HdrHistogram-2.1.12.jar;C:\Users\Abhishek Mauriya\.m2\repository\org\latencyutils\LatencyUtils\2.0.3\LatencyUtils-2.0.3.jar;C:\Users\Abhishek Mauriya\.m2\repository\org\springframework\boot\spring-boot-starter-data-jpa\3.2.0\spring-boot-starter-data-jpa-3.2.0.jar;C:\Users\Abhishek Mauriya\.m2\repository\org\springframework\boot\spring-boot-starter-aop\3.2.0\spring-boot-starter-aop-3.2.0.jar;C:\Users\Abhishek Mauriya\.m2\repository\org\springframework\spring-aop\6.1.1\spring-aop-6.1.1.jar;C:\Users\Abhishek Mauriya\.m2\repository\org\aspectj\aspectjweaver\1.9.20.1\aspectjweaver-1.9.20.1.jar;C:\Users\Abhishek Mauriya\.m2\repository\org\springframework\boot\spring-boot-starter-jdbc\3.2.0\spring-boot-starter-jdbc-3.2.0.jar;C:\Users\Abhishek Mauriya\.m2\repository\com\zaxxer\HikariCP\5.0.1\HikariCP-5.0.1.jar;C:\Users\Abhishek Mauriya\.m2\repository\org\springframework\spring-jdbc\6.1.1\spring-jdbc-6.1.1.jar;C:\Users\Abhishek Mauriya\.m2\repository\org\hibernate\orm\hibernate-core\6.3.1.Final\hibernate-core-6.3.1.Final.jar;C:\Users\Abhishek Mauriya\.m2\repository\jakarta\persistence\jakarta.persistence-api\3.1.0\jakarta.persistence-api-3.1.0.jar;C:\Users\Abhishek Mauriya\.m2\repository\jakarta\transaction\jakarta.transaction-api\2.0.1\jakarta.transaction-api-2.0.1.jar;C:\Users\Abhishek Mauriya\.m2\repository\org\jboss\logging\jboss-logging\3.5.3.Final\jboss-logging-3.5.3.Final.jar;C:\Users\Abhishek Mauriya\.m2\repository\org\hibernate\common\hibernate-commons-annotations\6.0.6.Final\hibernate-commons-annotations-6.0.6.Final.jar;C:\Users\Abhishek Mauriya\.m2\repository\io\smallrye\jandex\3.1.2\jandex-3.1.2.jar;C:\Users\Abhishek Mauriya\.m2\repository\com\fasterxml\classmate\1.6.0\classmate-1.6.0.jar;C:\Users\Abhishek Mauriya\.m2\repository\net\bytebuddy\byte-buddy\1.14.10\byte-buddy-1.14.10.jar;C:\Users\Abhishek Mauriya\.m2\repository\jakarta\inject\jakarta.inject-api\2.0.1\jakarta.inject-api-2.0.1.jar;C:\Users\Abhishek Mauriya\.m2\repository\org\antlr\antlr4-runtime\4.10.1\antlr4-runtime-4.10.1.jar;C:\Users\Abhishek Mauriya\.m2\repository\org\springframework\data\spring-data-jpa\3.2.0\spring-data-jpa-3.2.0.jar;C:\Users\Abhishek Mauriya\.m2\repository\org\springframework\data\spring-data-commons\3.2.0\spring-data-commons-3.2.0.jar;C:\Users\Abhishek Mauriya\.m2\repository\org\springframework\spring-orm\6.1.1\spring-orm-6.1.1.jar;C:\Users\Abhishek Mauriya\.m2\repository\org\springframework\spring-context\6.1.1\spring-context-6.1.1.jar;C:\Users\Abhishek Mauriya\.m2\repository\org\springframework\spring-tx\6.1.1\spring-tx-6.1.1.jar;C:\Users\Abhishek Mauriya\.m2\repository\org\springframework\spring-beans\6.1.1\spring-beans-6.1.1.jar;C:\Users\Abhishek Mauriya\.m2\repository\org\springframework\spring-aspects\6.1.1\spring-aspects-6.1.1.jar;C:\Users\Abhishek Mauriya\.m2\repository\org\springframework\boot\spring-boot-starter-validation\3.2.0\spring-boot-starter-validation-3.2.0.jar;C:\Users\Abhishek Mauriya\.m2\repository\org\apache\tomcat\embed\tomcat-embed-el\10.1.16\tomcat-embed-el-10.1.16.jar;C:\Users\Abhishek Mauriya\.m2\repository\org\hibernate\validator\hibernate-validator\8.0.1.Final\hibernate-validator-8.0.1.Final.jar;C:\Users\Abhishek Mauriya\.m2\repository\jakarta\validation\jakarta.validation-api\3.0.2\jakarta.validation-api-3.0.2.jar;C:\Users\Abhishek Mauriya\.m2\repository\com\h2database\h2\2.2.224\h2-2.2.224.jar;C:\Users\Abhishek Mauriya\.m2\repository\org\springframework\boot\spring-boot-starter-web\3.2.0\spring-boot-starter-web-3.2.0.jar;C:\Users\Abhishek Mauriya\.m2\repository\org\springframework\boot\spring-boot-starter-json\3.2.0\spring-boot-starter-json-3.2.0.jar;C:\Users\Abhishek Mauriya\.m2\repository\com\fasterxml\jackson\datatype\jackson-datatype-jdk8\2.15.3\jackson-datatype-jdk8-2.15.3.jar;C:\Users\Abhishek Mauriya\.m2\repository\com\fasterxml\jackson\module\jackson-module-parameter-names\2.15.3\jackson-module-parameter-names-2.15.3.jar;C:\Users\Abhishek Mauriya\.m2\repository\org\springframework\boot\spring-boot-starter-tomcat\3.2.0\spring-boot-starter-tomcat-3.2.0.jar;C:\Users\Abhishek Mauriya\.m2\repository\org\apache\tomcat\embed\tomcat-embed-core\10.1.16\tomcat-embed-core-10.1.16.jar;C:\Users\Abhishek Mauriya\.m2\repository\org\apache\tomcat\embed\tomcat-embed-websocket\10.1.16\tomcat-embed-websocket-10.1.16.jar;C:\Users\Abhishek Mauriya\.m2\repository\org\springframework\spring-web\6.1.1\spring-web-6.1.1.jar;C:\Users\Abhishek Mauriya\.m2\repository\org\springframework\spring-webmvc\6.1.1\spring-webmvc-6.1.1.jar;C:\Users\Abhishek Mauriya\.m2\repository\org\springframework\spring-expression\6.1.1\spring-expression-6.1.1.jar;C:\Users\Abhishek Mauriya\.m2\repository\org\springframework\boot\spring-boot-starter-cache\3.2.0\spring-boot-starter-cache-3.2.0.jar;C:\Users\Abhishek Mauriya\.m2\repository\org\springframework\spring-context-support\6.1.1\spring-context-support-6.1.1.jar;C:\Users\Abhishek Mauriya\.m2\repository\javax\cache\cache-api\1.1.1\cache-api-1.1.1.jar;C:\Users\Abhishek Mauriya\.m2\repository\org\ehcache\ehcache\3.10.8\ehcache-3.10.8.jar;C:\Users\Abhishek Mauriya\.m2\repository\org\slf4j\slf4j-api\2.0.9\slf4j-api-2.0.9.jar;C:\Users\Abhishek Mauriya\.m2\repository\org\glassfish\jaxb\jaxb-runtime\4.0.4\jaxb-runtime-4.0.4.jar;C:\Users\Abhishek Mauriya\.m2\repository\org\glassfish\jaxb\jaxb-core\4.0.4\jaxb-core-4.0.4.jar;C:\Users\Abhishek Mauriya\.m2\repository\org\glassfish\jaxb\txw2\4.0.4\txw2-4.0.4.jar;C:\Users\Abhishek Mauriya\.m2\repository\com\sun\istack\istack-commons-runtime\4.1.2\istack-commons-runtime-4.1.2.jar;C:\Users\Abhishek Mauriya\.m2\repository\org\springframework\boot\spring-boot-devtools\3.2.0\spring-boot-devtools-3.2.0.jar;C:\Users\Abhishek Mauriya\.m2\repository\org\springframework\boot\spring-boot\3.2.0\spring-boot-3.2.0.jar;C:\Users\Abhishek Mauriya\.m2\repository\org\springframework\boot\spring-boot-autoconfigure\3.2.0\spring-boot-autoconfigure-3.2.0.jar;C:\Users\Abhishek Mauriya\.m2\repository\org\projectlombok\lombok\1.18.30\lombok-1.18.30.jar;C:\Users\Abhishek Mauriya\.m2\repository\org\springframework\boot\spring-boot-starter-test\3.2.0\spring-boot-starter-test-3.2.0.jar;C:\Users\Abhishek Mauriya\.m2\repository\org\springframework\boot\spring-boot-test\3.2.0\spring-boot-test-3.2.0.jar;C:\Users\Abhishek Mauriya\.m2\repository\org\springframework\boot\spring-boot-test-autoconfigure\3.2.0\spring-boot-test-autoconfigure-3.2.0.jar;C:\Users\Abhishek Mauriya\.m2\repository\com\jayway\jsonpath\json-path\2.8.0\json-path-2.8.0.jar;C:\Users\Abhishek Mauriya\.m2\repository\jakarta\xml\bind\jakarta.xml.bind-api\4.0.1\jakarta.xml.bind-api-4.0.1.jar;C:\Users\Abhishek Mauriya\.m2\repository\jakarta\activation\jakarta.activation-api\2.1.2\jakarta.activation-api-2.1.2.jar;C:\Users\Abhishek Mauriya\.m2\repository\net\minidev\json-smart\2.5.0\json-smart-2.5.0.jar;C:\Users\Abhishek Mauriya\.m2\repository\net\minidev\accessors-smart\2.5.0\accessors-smart-2.5.0.jar;C:\Users\Abhishek Mauriya\.m2\repository\org\assertj\assertj-core\3.24.2\assertj-core-3.24.2.jar;C:\Users\Abhishek Mauriya\.m2\repository\org\awaitility\awaitility\4.2.0\awaitility-4.2.0.jar;C:\Users\Abhishek Mauriya\.m2\repository\org\hamcrest\hamcrest\2.2\hamcrest-2.2.jar;C:\Users\Abhishek Mauriya\.m2\repository\org\junit\jupiter\junit-jupiter\5.10.1\junit-jupiter-5.10.1.jar;C:\Users\Abhishek Mauriya\.m2\repository\org\junit\jupiter\junit-jupiter-params\5.10.1\junit-jupiter-params-5.10.1.jar;C:\Users\Abhishek Mauriya\.m2\repository\org\junit\jupiter\junit-jupiter-engine\5.10.1\junit-jupiter-engine-5.10.1.jar;C:\Users\Abhishek Mauriya\.m2\repository\org\junit\platform\junit-platform-engine\1.10.1\junit-platform-engine-1.10.1.jar;C:\Users\Abhishek Mauriya\.m2\repository\org\mockito\mockito-core\5.7.0\mockito-core-5.7.0.jar;C:\Users\Abhishek Mauriya\.m2\repository\net\bytebuddy\byte-buddy-agent\1.14.10\byte-buddy-agent-1.14.10.jar;C:\Users\Abhishek Mauriya\.m2\repository\org\objenesis\objenesis\3.3\objenesis-3.3.jar;C:\Users\Abhishek Mauriya\.m2\repository\org\skyscreamer\jsonassert\1.5.1\jsonassert-1.5.1.jar;C:\Users\Abhishek Mauriya\.m2\repository\com\vaadin\external\google\android-json\0.0.20131108.vaadin1\android-json-0.0.20131108.vaadin1.jar;C:\Users\Abhishek Mauriya\.m2\repository\org\springframework\spring-core\6.1.1\spring-core-6.1.1.jar;C:\Users\Abhishek Mauriya\.m2\repository\org\springframework\spring-jcl\6.1.1\spring-jcl-6.1.1.jar;C:\Users\Abhishek Mauriya\.m2\repository\org\springframework\spring-test\6.1.1\spring-test-6.1.1.jar;C:\Users\Abhishek Mauriya\.m2\repository\org\xmlunit\xmlunit-core\2.9.1\xmlunit-core-2.9.1.jar;C:\Users\Abhishek Mauriya\.m2\repository\org\mapstruct\mapstruct\1.5.2.Final\mapstruct-1.5.2.Final.jar;C:\Users\Abhishek Mauriya\.m2\repository\org\mockito\mockito-junit-jupiter\5.7.0\mockito-junit-jupiter-5.7.0.jar;C:\Users\Abhishek Mauriya\.m2\repository\org\junit\jupiter\junit-jupiter-api\5.10.1\junit-jupiter-api-5.10.1.jar;C:\Users\Abhishek Mauriya\.m2\repository\org\opentest4j\opentest4j\1.3.0\opentest4j-1.3.0.jar;C:\Users\Abhishek Mauriya\.m2\repository\org\junit\platform\junit-platform-commons\1.10.1\junit-platform-commons-1.10.1.jar;C:\Users\Abhishek Mauriya\.m2\repository\org\apiguardian\apiguardian-api\1.1.2\apiguardian-api-1.1.2.jar;C:\Users\Abhishek Mauriya\.m2\repository\org\apache\cxf\cxf-rt-frontend-jaxws\4.0.2\cxf-rt-frontend-jaxws-4.0.2.jar;C:\Users\Abhishek Mauriya\.m2\repository\xml-resolver\xml-resolver\1.2\xml-resolver-1.2.jar;C:\Users\Abhishek Mauriya\.m2\repository\org\ow2\asm\asm\9.5\asm-9.5.jar;C:\Users\Abhishek Mauriya\.m2\repository\org\apache\cxf\cxf-core\4.0.2\cxf-core-4.0.2.jar;C:\Users\Abhishek Mauriya\.m2\repository\com\fasterxml\woodstox\woodstox-core\6.5.1\woodstox-core-6.5.1.jar;C:\Users\Abhishek Mauriya\.m2\repository\org\codehaus\woodstox\stax2-api\4.2.1\stax2-api-4.2.1.jar;C:\Users\Abhishek Mauriya\.m2\repository\org\apache\ws\xmlschema\xmlschema-core\2.3.0\xmlschema-core-2.3.0.jar;C:\Users\Abhishek Mauriya\.m2\repository\org\apache\cxf\cxf-rt-bindings-soap\4.0.2\cxf-rt-bindings-soap-4.0.2.jar;C:\Users\Abhishek Mauriya\.m2\repository\jakarta\xml\soap\jakarta.xml.soap-api\3.0.1\jakarta.xml.soap-api-3.0.1.jar;C:\Users\Abhishek Mauriya\.m2\repository\jakarta\jws\jakarta.jws-api\3.0.0\jakarta.jws-api-3.0.0.jar;C:\Users\Abhishek Mauriya\.m2\repository\jakarta\xml\ws\jakarta.xml.ws-api\4.0.1\jakarta.xml.ws-api-4.0.1.jar;C:\Users\Abhishek Mauriya\.m2\repository\org\apache\cxf\cxf-rt-wsdl\4.0.2\cxf-rt-wsdl-4.0.2.jar;C:\Users\Abhishek Mauriya\.m2\repository\wsdl4j\wsdl4j\1.6.3\wsdl4j-1.6.3.jar;C:\Users\Abhishek Mauriya\.m2\repository\org\apache\cxf\cxf-rt-databinding-jaxb\4.0.2\cxf-rt-databinding-jaxb-4.0.2.jar;C:\Users\Abhishek Mauriya\.m2\repository\org\apache\cxf\cxf-rt-bindings-xml\4.0.2\cxf-rt-bindings-xml-4.0.2.jar;C:\Users\Abhishek Mauriya\.m2\repository\org\apache\cxf\cxf-rt-frontend-simple\4.0.2\cxf-rt-frontend-simple-4.0.2.jar;C:\Users\Abhishek Mauriya\.m2\repository\org\eclipse\angus\angus-mail\2.0.2\angus-mail-2.0.2.jar;C:\Users\Abhishek Mauriya\.m2\repository\jakarta\mail\jakarta.mail-api\2.1.2\jakarta.mail-api-2.1.2.jar;C:\Users\Abhishek Mauriya\.m2\repository\org\apache\cxf\cxf-rt-ws-addr\4.0.2\cxf-rt-ws-addr-4.0.2.jar;C:\Users\Abhishek Mauriya\.m2\repository\org\apache\cxf\cxf-rt-ws-policy\4.0.2\cxf-rt-ws-policy-4.0.2.jar;C:\Users\Abhishek Mauriya\.m2\repository\org\eclipse\angus\angus-activation\2.0.1\angus-activation-2.0.1.jar;C:\Users\Abhishek Mauriya\.m2\repository\org\apache\cxf\cxf-rt-ws-security\3.3.7\cxf-rt-ws-security-3.3.7.jar;C:\Users\Abhishek Mauriya\.m2\repository\org\apache\cxf\cxf-rt-security-saml\3.3.7\cxf-rt-security-saml-3.3.7.jar;C:\Users\Abhishek Mauriya\.m2\repository\org\apache\cxf\cxf-rt-security\3.3.7\cxf-rt-security-3.3.7.jar;C:\Users\Abhishek Mauriya\.m2\repository\net\sf\ehcache\ehcache\2.10.6\ehcache-2.10.6.jar;C:\Users\Abhishek Mauriya\.m2\repository\org\apache\wss4j\wss4j-ws-security-dom\2.2.5\wss4j-ws-security-dom-2.2.5.jar;C:\Users\Abhishek Mauriya\.m2\repository\org\apache\wss4j\wss4j-ws-security-common\2.2.5\wss4j-ws-security-common-2.2.5.jar;C:\Users\Abhishek Mauriya\.m2\repository\org\apache\santuario\xmlsec\2.1.5\xmlsec-2.1.5.jar;C:\Users\Abhishek Mauriya\.m2\repository\commons-codec\commons-codec\1.16.0\commons-codec-1.16.0.jar;C:\Users\Abhishek Mauriya\.m2\repository\org\opensaml\opensaml-saml-impl\3.3.1\opensaml-saml-impl-3.3.1.jar;C:\Users\Abhishek Mauriya\.m2\repository\org\opensaml\opensaml-profile-api\3.3.1\opensaml-profile-api-3.3.1.jar;C:\Users\Abhishek Mauriya\.m2\repository\org\opensaml\opensaml-core\3.3.1\opensaml-core-3.3.1.jar;C:\Users\Abhishek Mauriya\.m2\repository\io\dropwizard\metrics\metrics-core\4.2.22\metrics-core-4.2.22.jar;C:\Users\Abhishek Mauriya\.m2\repository\org\opensaml\opensaml-saml-api\3.3.1\opensaml-saml-api-3.3.1.jar;C:\Users\Abhishek Mauriya\.m2\repository\org\opensaml\opensaml-xmlsec-api\3.3.1\opensaml-xmlsec-api-3.3.1.jar;C:\Users\Abhishek Mauriya\.m2\repository\org\opensaml\opensaml-soap-api\3.3.1\opensaml-soap-api-3.3.1.jar;C:\Users\Abhishek Mauriya\.m2\repository\org\opensaml\opensaml-security-impl\3.3.1\opensaml-security-impl-3.3.1.jar;C:\Users\Abhishek Mauriya\.m2\repository\org\opensaml\opensaml-security-api\3.3.1\opensaml-security-api-3.3.1.jar;C:\Users\Abhishek Mauriya\.m2\repository\org\opensaml\opensaml-xmlsec-impl\3.3.1\opensaml-xmlsec-impl-3.3.1.jar;C:\Users\Abhishek Mauriya\.m2\repository\net\shibboleth\utilities\java-support\7.3.0\java-support-7.3.0.jar;C:\Users\Abhishek Mauriya\.m2\repository\com\google\guava\guava\19.0\guava-19.0.jar;C:\Users\Abhishek Mauriya\.m2\repository\joda-time\joda-time\2.9\joda-time-2.9.jar;C:\Users\Abhishek Mauriya\.m2\repository\org\cryptacular\cryptacular\1.2.4\cryptacular-1.2.4.jar;C:\Users\Abhishek Mauriya\.m2\repository\org\bouncycastle\bcprov-jdk15on\1.64\bcprov-jdk15on-1.64.jar;C:\Users\Abhishek Mauriya\.m2\repository\org\opensaml\opensaml-xacml-impl\3.3.1\opensaml-xacml-impl-3.3.1.jar;C:\Users\Abhishek Mauriya\.m2\repository\org\opensaml\opensaml-xacml-api\3.3.1\opensaml-xacml-api-3.3.1.jar;C:\Users\Abhishek Mauriya\.m2\repository\org\opensaml\opensaml-xacml-saml-impl\3.3.1\opensaml-xacml-saml-impl-3.3.1.jar;C:\Users\Abhishek Mauriya\.m2\repository\org\opensaml\opensaml-xacml-saml-api\3.3.1\opensaml-xacml-saml-api-3.3.1.jar;C:\Users\Abhishek Mauriya\.m2\repository\org\jasypt\jasypt\1.9.3\jasypt-1.9.3.jar;C:\Users\Abhishek Mauriya\.m2\repository\org\apache\geronimo\javamail\geronimo-javamail_1.4_mail\1.8.4\geronimo-javamail_1.4_mail-1.8.4.jar;C:\Users\Abhishek Mauriya\.m2\repository\org\apache\wss4j\wss4j-policy\2.2.5\wss4j-policy-2.2.5.jar;C:\Users\Abhishek Mauriya\.m2\repository\org\apache\neethi\neethi\3.1.1\neethi-3.1.1.jar;C:\Users\Abhishek Mauriya\.m2\repository\org\codehaus\woodstox\woodstox-core-asl\4.4.1\woodstox-core-asl-4.4.1.jar;C:\Users\Abhishek Mauriya\.m2\repository\javax\xml\stream\stax-api\1.0-2\stax-api-1.0-2.jar;C:\Users\Abhishek Mauriya\.m2\repository\org\apache\wss4j\wss4j-ws-security-stax\2.2.5\wss4j-ws-security-stax-2.2.5.jar;C:\Users\Abhishek Mauriya\.m2\repository\org\apache\wss4j\wss4j-bindings\2.2.5\wss4j-bindings-2.2.5.jar;C:\Users\Abhishek Mauriya\.m2\repository\org\apache\wss4j\wss4j-ws-security-policy-stax\2.2.5\wss4j-ws-security-policy-stax-2.2.5.jar;C:\Users\Abhishek Mauriya\.m2\repository\javax\annotation\javax.annotation-api\1.3.2\javax.annotation-api-1.3.2.jar;C:\Users\Abhishek Mauriya\.m2\repository\javax\xml\ws\jaxws-api\2.3.1\jaxws-api-2.3.1.jar;C:\Users\Abhishek Mauriya\.m2\repository\javax\xml\soap\javax.xml.soap-api\1.4.0\javax.xml.soap-api-1.4.0.jar;C:\Users\Abhishek Mauriya\.m2\repository\com\sun\activation\javax.activation\1.2.0\javax.activation-1.2.0.jar;C:\Users\Abhishek Mauriya\.m2\repository\org\apache\geronimo\specs\geronimo-ws-metadata_2.0_spec\1.1.3\geronimo-ws-metadata_2.0_spec-1.1.3.jar;C:\Users\Abhishek Mauriya\.m2\repository\com\sun\xml\messaging\saaj\saaj-impl\3.0.3\saaj-impl-3.0.3.jar;C:\Users\Abhishek Mauriya\.m2\repository\org\jvnet\staxex\stax-ex\2.1.0\stax-ex-2.1.0.jar;C:\Users\Abhishek Mauriya\.m2\repository\org\jacorb\jacorb-omgapi\3.9\jacorb-omgapi-3.9.jar;C:\Users\Abhishek Mauriya\.m2\repository\org\apache\geronimo\specs\geronimo-jta_1.1_spec\1.1.1\geronimo-jta_1.1_spec-1.1.1.jar;C:\Users\Abhishek Mauriya\.m2\repository\org\jboss\spec\javax\rmi\jboss-rmi-api_1.0_spec\1.0.6.Final\jboss-rmi-api_1.0_spec-1.0.6.Final.jar;"/>
    <property name="java.vm.vendor" value="Oracle Corporation"/>
    <property name="sun.arch.data.model" value="64"/>
    <property name="user.variant" value=""/>
    <property name="java.vendor.url" value="https://java.oracle.com/"/>
    <property name="user.timezone" value="Asia/Calcutta"/>
    <property name="org.jboss.logging.provider" value="slf4j"/>
    <property name="os.name" value="Windows 11"/>
    <property name="java.vm.specification.version" value="17"/>
    <property name="sun.java.launcher" value="SUN_STANDARD"/>
    <property name="user.country" value="IN"/>
    <property name="sun.boot.library.path" value="C:\Program Files\Java\jdk-17\bin"/>
    <property name="sun.java.command" value="C:\Users\Abhishek Mauriya\AppData\Local\Temp\surefire1761679549119832656\surefirebooter-20231219195941417_3.jar C:\Users\Abhishek Mauriya\AppData\Local\Temp\surefire1761679549119832656 2023-12-19T19-59-41_214-jvmRun1 surefire-20231219195941417_1tmp surefire_0-20231219195941417_2tmp"/>
    <property name="jdk.debug" value="release"/>
    <property name="surefire.test.class.path" value="C:\Users\Abhishek Mauriya\Desktop\My_Projrcts\Spring_Cloud_From_Guru\mssc-beer-service\target\test-classes;C:\Users\Abhishek Mauriya\Desktop\My_Projrcts\Spring_Cloud_From_Guru\mssc-beer-service\target\classes;C:\Users\Abhishek Mauriya\.m2\repository\org\springframework\boot\spring-boot-starter-actuator\3.2.0\spring-boot-starter-actuator-3.2.0.jar;C:\Users\Abhishek Mauriya\.m2\repository\org\springframework\boot\spring-boot-starter\3.2.0\spring-boot-starter-3.2.0.jar;C:\Users\Abhishek Mauriya\.m2\repository\org\springframework\boot\spring-boot-starter-logging\3.2.0\spring-boot-starter-logging-3.2.0.jar;C:\Users\Abhishek Mauriya\.m2\repository\ch\qos\logback\logback-classic\1.4.11\logback-classic-1.4.11.jar;C:\Users\Abhishek Mauriya\.m2\repository\ch\qos\logback\logback-core\1.4.11\logback-core-1.4.11.jar;C:\Users\Abhishek Mauriya\.m2\repository\org\apache\logging\log4j\log4j-to-slf4j\2.21.1\log4j-to-slf4j-2.21.1.jar;C:\Users\Abhishek Mauriya\.m2\repository\org\apache\logging\log4j\log4j-api\2.21.1\log4j-api-2.21.1.jar;C:\Users\Abhishek Mauriya\.m2\repository\org\slf4j\jul-to-slf4j\2.0.9\jul-to-slf4j-2.0.9.jar;C:\Users\Abhishek Mauriya\.m2\repository\jakarta\annotation\jakarta.annotation-api\2.1.1\jakarta.annotation-api-2.1.1.jar;C:\Users\Abhishek Mauriya\.m2\repository\org\yaml\snakeyaml\2.2\snakeyaml-2.2.jar;C:\Users\Abhishek Mauriya\.m2\repository\org\springframework\boot\spring-boot-actuator-autoconfigure\3.2.0\spring-boot-actuator-autoconfigure-3.2.0.jar;C:\Users\Abhishek Mauriya\.m2\repository\org\springframework\boot\spring-boot-actuator\3.2.0\spring-boot-actuator-3.2.0.jar;C:\Users\Abhishek Mauriya\.m2\repository\com\fasterxml\jackson\core\jackson-databind\2.15.3\jackson-databind-2.15.3.jar;C:\Users\Abhishek Mauriya\.m2\repository\com\fasterxml\jackson\core\jackson-annotations\2.15.3\jackson-annotations-2.15.3.jar;C:\Users\Abhishek Mauriya\.m2\repository\com\fasterxml\jackson\core\jackson-core\2.15.3\jackson-core-2.15.3.jar;C:\Users\Abhishek Mauriya\.m2\repository\com\fasterxml\jackson\datatype\jackson-datatype-jsr310\2.15.3\jackson-datatype-jsr310-2.15.3.jar;C:\Users\Abhishek Mauriya\.m2\repository\io\micrometer\micrometer-observation\1.12.0\micrometer-observation-1.12.0.jar;C:\Users\Abhishek Mauriya\.m2\repository\io\micrometer\micrometer-commons\1.12.0\micrometer-commons-1.12.0.jar;C:\Users\Abhishek Mauriya\.m2\repository\io\micrometer\micrometer-jakarta9\1.12.0\micrometer-jakarta9-1.12.0.jar;C:\Users\Abhishek Mauriya\.m2\repository\io\micrometer\micrometer-core\1.12.0\micrometer-core-1.12.0.jar;C:\Users\Abhishek Mauriya\.m2\repository\org\hdrhistogram\HdrHistogram\2.1.12\HdrHistogram-2.1.12.jar;C:\Users\Abhishek Mauriya\.m2\repository\org\latencyutils\LatencyUtils\2.0.3\LatencyUtils-2.0.3.jar;C:\Users\Abhishek Mauriya\.m2\repository\org\springframework\boot\spring-boot-starter-data-jpa\3.2.0\spring-boot-starter-data-jpa-3.2.0.jar;C:\Users\Abhishek Mauriya\.m2\repository\org\springframework\boot\spring-boot-starter-aop\3.2.0\spring-boot-starter-aop-3.2.0.jar;C:\Users\Abhishek Mauriya\.m2\repository\org\springframework\spring-aop\6.1.1\spring-aop-6.1.1.jar;C:\Users\Abhishek Mauriya\.m2\repository\org\aspectj\aspectjweaver\1.9.20.1\aspectjweaver-1.9.20.1.jar;C:\Users\Abhishek Mauriya\.m2\repository\org\springframework\boot\spring-boot-starter-jdbc\3.2.0\spring-boot-starter-jdbc-3.2.0.jar;C:\Users\Abhishek Mauriya\.m2\repository\com\zaxxer\HikariCP\5.0.1\HikariCP-5.0.1.jar;C:\Users\Abhishek Mauriya\.m2\repository\org\springframework\spring-jdbc\6.1.1\spring-jdbc-6.1.1.jar;C:\Users\Abhishek Mauriya\.m2\repository\org\hibernate\orm\hibernate-core\6.3.1.Final\hibernate-core-6.3.1.Final.jar;C:\Users\Abhishek Mauriya\.m2\repository\jakarta\persistence\jakarta.persistence-api\3.1.0\jakarta.persistence-api-3.1.0.jar;C:\Users\Abhishek Mauriya\.m2\repository\jakarta\transaction\jakarta.transaction-api\2.0.1\jakarta.transaction-api-2.0.1.jar;C:\Users\Abhishek Mauriya\.m2\repository\org\jboss\logging\jboss-logging\3.5.3.Final\jboss-logging-3.5.3.Final.jar;C:\Users\Abhishek Mauriya\.m2\repository\org\hibernate\common\hibernate-commons-annotations\6.0.6.Final\hibernate-commons-annotations-6.0.6.Final.jar;C:\Users\Abhishek Mauriya\.m2\repository\io\smallrye\jandex\3.1.2\jandex-3.1.2.jar;C:\Users\Abhishek Mauriya\.m2\repository\com\fasterxml\classmate\1.6.0\classmate-1.6.0.jar;C:\Users\Abhishek Mauriya\.m2\repository\net\bytebuddy\byte-buddy\1.14.10\byte-buddy-1.14.10.jar;C:\Users\Abhishek Mauriya\.m2\repository\jakarta\inject\jakarta.inject-api\2.0.1\jakarta.inject-api-2.0.1.jar;C:\Users\Abhishek Mauriya\.m2\repository\org\antlr\antlr4-runtime\4.10.1\antlr4-runtime-4.10.1.jar;C:\Users\Abhishek Mauriya\.m2\repository\org\springframework\data\spring-data-jpa\3.2.0\spring-data-jpa-3.2.0.jar;C:\Users\Abhishek Mauriya\.m2\repository\org\springframework\data\spring-data-commons\3.2.0\spring-data-commons-3.2.0.jar;C:\Users\Abhishek Mauriya\.m2\repository\org\springframework\spring-orm\6.1.1\spring-orm-6.1.1.jar;C:\Users\Abhishek Mauriya\.m2\repository\org\springframework\spring-context\6.1.1\spring-context-6.1.1.jar;C:\Users\Abhishek Mauriya\.m2\repository\org\springframework\spring-tx\6.1.1\spring-tx-6.1.1.jar;C:\Users\Abhishek Mauriya\.m2\repository\org\springframework\spring-beans\6.1.1\spring-beans-6.1.1.jar;C:\Users\Abhishek Mauriya\.m2\repository\org\springframework\spring-aspects\6.1.1\spring-aspects-6.1.1.jar;C:\Users\Abhishek Mauriya\.m2\repository\org\springframework\boot\spring-boot-starter-validation\3.2.0\spring-boot-starter-validation-3.2.0.jar;C:\Users\Abhishek Mauriya\.m2\repository\org\apache\tomcat\embed\tomcat-embed-el\10.1.16\tomcat-embed-el-10.1.16.jar;C:\Users\Abhishek Mauriya\.m2\repository\org\hibernate\validator\hibernate-validator\8.0.1.Final\hibernate-validator-8.0.1.Final.jar;C:\Users\Abhishek Mauriya\.m2\repository\jakarta\validation\jakarta.validation-api\3.0.2\jakarta.validation-api-3.0.2.jar;C:\Users\Abhishek Mauriya\.m2\repository\com\h2database\h2\2.2.224\h2-2.2.224.jar;C:\Users\Abhishek Mauriya\.m2\repository\org\springframework\boot\spring-boot-starter-web\3.2.0\spring-boot-starter-web-3.2.0.jar;C:\Users\Abhishek Mauriya\.m2\repository\org\springframework\boot\spring-boot-starter-json\3.2.0\spring-boot-starter-json-3.2.0.jar;C:\Users\Abhishek Mauriya\.m2\repository\com\fasterxml\jackson\datatype\jackson-datatype-jdk8\2.15.3\jackson-datatype-jdk8-2.15.3.jar;C:\Users\Abhishek Mauriya\.m2\repository\com\fasterxml\jackson\module\jackson-module-parameter-names\2.15.3\jackson-module-parameter-names-2.15.3.jar;C:\Users\Abhishek Mauriya\.m2\repository\org\springframework\boot\spring-boot-starter-tomcat\3.2.0\spring-boot-starter-tomcat-3.2.0.jar;C:\Users\Abhishek Mauriya\.m2\repository\org\apache\tomcat\embed\tomcat-embed-core\10.1.16\tomcat-embed-core-10.1.16.jar;C:\Users\Abhishek Mauriya\.m2\repository\org\apache\tomcat\embed\tomcat-embed-websocket\10.1.16\tomcat-embed-websocket-10.1.16.jar;C:\Users\Abhishek Mauriya\.m2\repository\org\springframework\spring-web\6.1.1\spring-web-6.1.1.jar;C:\Users\Abhishek Mauriya\.m2\repository\org\springframework\spring-webmvc\6.1.1\spring-webmvc-6.1.1.jar;C:\Users\Abhishek Mauriya\.m2\repository\org\springframework\spring-expression\6.1.1\spring-expression-6.1.1.jar;C:\Users\Abhishek Mauriya\.m2\repository\org\springframework\boot\spring-boot-starter-cache\3.2.0\spring-boot-starter-cache-3.2.0.jar;C:\Users\Abhishek Mauriya\.m2\repository\org\springframework\spring-context-support\6.1.1\spring-context-support-6.1.1.jar;C:\Users\Abhishek Mauriya\.m2\repository\javax\cache\cache-api\1.1.1\cache-api-1.1.1.jar;C:\Users\Abhishek Mauriya\.m2\repository\org\ehcache\ehcache\3.10.8\ehcache-3.10.8.jar;C:\Users\Abhishek Mauriya\.m2\repository\org\slf4j\slf4j-api\2.0.9\slf4j-api-2.0.9.jar;C:\Users\Abhishek Mauriya\.m2\repository\org\glassfish\jaxb\jaxb-runtime\4.0.4\jaxb-runtime-4.0.4.jar;C:\Users\Abhishek Mauriya\.m2\repository\org\glassfish\jaxb\jaxb-core\4.0.4\jaxb-core-4.0.4.jar;C:\Users\Abhishek Mauriya\.m2\repository\org\glassfish\jaxb\txw2\4.0.4\txw2-4.0.4.jar;C:\Users\Abhishek Mauriya\.m2\repository\com\sun\istack\istack-commons-runtime\4.1.2\istack-commons-runtime-4.1.2.jar;C:\Users\Abhishek Mauriya\.m2\repository\org\springframework\boot\spring-boot-devtools\3.2.0\spring-boot-devtools-3.2.0.jar;C:\Users\Abhishek Mauriya\.m2\repository\org\springframework\boot\spring-boot\3.2.0\spring-boot-3.2.0.jar;C:\Users\Abhishek Mauriya\.m2\repository\org\springframework\boot\spring-boot-autoconfigure\3.2.0\spring-boot-autoconfigure-3.2.0.jar;C:\Users\Abhishek Mauriya\.m2\repository\org\projectlombok\lombok\1.18.30\lombok-1.18.30.jar;C:\Users\Abhishek Mauriya\.m2\repository\org\springframework\boot\spring-boot-starter-test\3.2.0\spring-boot-starter-test-3.2.0.jar;C:\Users\Abhishek Mauriya\.m2\repository\org\springframework\boot\spring-boot-test\3.2.0\spring-boot-test-3.2.0.jar;C:\Users\Abhishek Mauriya\.m2\repository\org\springframework\boot\spring-boot-test-autoconfigure\3.2.0\spring-boot-test-autoconfigure-3.2.0.jar;C:\Users\Abhishek Mauriya\.m2\repository\com\jayway\jsonpath\json-path\2.8.0\json-path-2.8.0.jar;C:\Users\Abhishek Mauriya\.m2\repository\jakarta\xml\bind\jakarta.xml.bind-api\4.0.1\jakarta.xml.bind-api-4.0.1.jar;C:\Users\Abhishek Mauriya\.m2\repository\jakarta\activation\jakarta.activation-api\2.1.2\jakarta.activation-api-2.1.2.jar;C:\Users\Abhishek Mauriya\.m2\repository\net\minidev\json-smart\2.5.0\json-smart-2.5.0.jar;C:\Users\Abhishek Mauriya\.m2\repository\net\minidev\accessors-smart\2.5.0\accessors-smart-2.5.0.jar;C:\Users\Abhishek Mauriya\.m2\repository\org\assertj\assertj-core\3.24.2\assertj-core-3.24.2.jar;C:\Users\Abhishek Mauriya\.m2\repository\org\awaitility\awaitility\4.2.0\awaitility-4.2.0.jar;C:\Users\Abhishek Mauriya\.m2\repository\org\hamcrest\hamcrest\2.2\hamcrest-2.2.jar;C:\Users\Abhishek Mauriya\.m2\repository\org\junit\jupiter\junit-jupiter\5.10.1\junit-jupiter-5.10.1.jar;C:\Users\Abhishek Mauriya\.m2\repository\org\junit\jupiter\junit-jupiter-params\5.10.1\junit-jupiter-params-5.10.1.jar;C:\Users\Abhishek Mauriya\.m2\repository\org\junit\jupiter\junit-jupiter-engine\5.10.1\junit-jupiter-engine-5.10.1.jar;C:\Users\Abhishek Mauriya\.m2\repository\org\junit\platform\junit-platform-engine\1.10.1\junit-platform-engine-1.10.1.jar;C:\Users\Abhishek Mauriya\.m2\repository\org\mockito\mockito-core\5.7.0\mockito-core-5.7.0.jar;C:\Users\Abhishek Mauriya\.m2\repository\net\bytebuddy\byte-buddy-agent\1.14.10\byte-buddy-agent-1.14.10.jar;C:\Users\Abhishek Mauriya\.m2\repository\org\objenesis\objenesis\3.3\objenesis-3.3.jar;C:\Users\Abhishek Mauriya\.m2\repository\org\skyscreamer\jsonassert\1.5.1\jsonassert-1.5.1.jar;C:\Users\Abhishek Mauriya\.m2\repository\com\vaadin\external\google\android-json\0.0.20131108.vaadin1\android-json-0.0.20131108.vaadin1.jar;C:\Users\Abhishek Mauriya\.m2\repository\org\springframework\spring-core\6.1.1\spring-core-6.1.1.jar;C:\Users\Abhishek Mauriya\.m2\repository\org\springframework\spring-jcl\6.1.1\spring-jcl-6.1.1.jar;C:\Users\Abhishek Mauriya\.m2\repository\org\springframework\spring-test\6.1.1\spring-test-6.1.1.jar;C:\Users\Abhishek Mauriya\.m2\repository\org\xmlunit\xmlunit-core\2.9.1\xmlunit-core-2.9.1.jar;C:\Users\Abhishek Mauriya\.m2\repository\org\mapstruct\mapstruct\1.5.2.Final\mapstruct-1.5.2.Final.jar;C:\Users\Abhishek Mauriya\.m2\repository\org\mockito\mockito-junit-jupiter\5.7.0\mockito-junit-jupiter-5.7.0.jar;C:\Users\Abhishek Mauriya\.m2\repository\org\junit\jupiter\junit-jupiter-api\5.10.1\junit-jupiter-api-5.10.1.jar;C:\Users\Abhishek Mauriya\.m2\repository\org\opentest4j\opentest4j\1.3.0\opentest4j-1.3.0.jar;C:\Users\Abhishek Mauriya\.m2\repository\org\junit\platform\junit-platform-commons\1.10.1\junit-platform-commons-1.10.1.jar;C:\Users\Abhishek Mauriya\.m2\repository\org\apiguardian\apiguardian-api\1.1.2\apiguardian-api-1.1.2.jar;C:\Users\Abhishek Mauriya\.m2\repository\org\apache\cxf\cxf-rt-frontend-jaxws\4.0.2\cxf-rt-frontend-jaxws-4.0.2.jar;C:\Users\Abhishek Mauriya\.m2\repository\xml-resolver\xml-resolver\1.2\xml-resolver-1.2.jar;C:\Users\Abhishek Mauriya\.m2\repository\org\ow2\asm\asm\9.5\asm-9.5.jar;C:\Users\Abhishek Mauriya\.m2\repository\org\apache\cxf\cxf-core\4.0.2\cxf-core-4.0.2.jar;C:\Users\Abhishek Mauriya\.m2\repository\com\fasterxml\woodstox\woodstox-core\6.5.1\woodstox-core-6.5.1.jar;C:\Users\Abhishek Mauriya\.m2\repository\org\codehaus\woodstox\stax2-api\4.2.1\stax2-api-4.2.1.jar;C:\Users\Abhishek Mauriya\.m2\repository\org\apache\ws\xmlschema\xmlschema-core\2.3.0\xmlschema-core-2.3.0.jar;C:\Users\Abhishek Mauriya\.m2\repository\org\apache\cxf\cxf-rt-bindings-soap\4.0.2\cxf-rt-bindings-soap-4.0.2.jar;C:\Users\Abhishek Mauriya\.m2\repository\jakarta\xml\soap\jakarta.xml.soap-api\3.0.1\jakarta.xml.soap-api-3.0.1.jar;C:\Users\Abhishek Mauriya\.m2\repository\jakarta\jws\jakarta.jws-api\3.0.0\jakarta.jws-api-3.0.0.jar;C:\Users\Abhishek Mauriya\.m2\repository\jakarta\xml\ws\jakarta.xml.ws-api\4.0.1\jakarta.xml.ws-api-4.0.1.jar;C:\Users\Abhishek Mauriya\.m2\repository\org\apache\cxf\cxf-rt-wsdl\4.0.2\cxf-rt-wsdl-4.0.2.jar;C:\Users\Abhishek Mauriya\.m2\repository\wsdl4j\wsdl4j\1.6.3\wsdl4j-1.6.3.jar;C:\Users\Abhishek Mauriya\.m2\repository\org\apache\cxf\cxf-rt-databinding-jaxb\4.0.2\cxf-rt-databinding-jaxb-4.0.2.jar;C:\Users\Abhishek Mauriya\.m2\repository\org\apache\cxf\cxf-rt-bindings-xml\4.0.2\cxf-rt-bindings-xml-4.0.2.jar;C:\Users\Abhishek Mauriya\.m2\repository\org\apache\cxf\cxf-rt-frontend-simple\4.0.2\cxf-rt-frontend-simple-4.0.2.jar;C:\Users\Abhishek Mauriya\.m2\repository\org\eclipse\angus\angus-mail\2.0.2\angus-mail-2.0.2.jar;C:\Users\Abhishek Mauriya\.m2\repository\jakarta\mail\jakarta.mail-api\2.1.2\jakarta.mail-api-2.1.2.jar;C:\Users\Abhishek Mauriya\.m2\repository\org\apache\cxf\cxf-rt-ws-addr\4.0.2\cxf-rt-ws-addr-4.0.2.jar;C:\Users\Abhishek Mauriya\.m2\repository\org\apache\cxf\cxf-rt-ws-policy\4.0.2\cxf-rt-ws-policy-4.0.2.jar;C:\Users\Abhishek Mauriya\.m2\repository\org\eclipse\angus\angus-activation\2.0.1\angus-activation-2.0.1.jar;C:\Users\Abhishek Mauriya\.m2\repository\org\apache\cxf\cxf-rt-ws-security\3.3.7\cxf-rt-ws-security-3.3.7.jar;C:\Users\Abhishek Mauriya\.m2\repository\org\apache\cxf\cxf-rt-security-saml\3.3.7\cxf-rt-security-saml-3.3.7.jar;C:\Users\Abhishek Mauriya\.m2\repository\org\apache\cxf\cxf-rt-security\3.3.7\cxf-rt-security-3.3.7.jar;C:\Users\Abhishek Mauriya\.m2\repository\net\sf\ehcache\ehcache\2.10.6\ehcache-2.10.6.jar;C:\Users\Abhishek Mauriya\.m2\repository\org\apache\wss4j\wss4j-ws-security-dom\2.2.5\wss4j-ws-security-dom-2.2.5.jar;C:\Users\Abhishek Mauriya\.m2\repository\org\apache\wss4j\wss4j-ws-security-common\2.2.5\wss4j-ws-security-common-2.2.5.jar;C:\Users\Abhishek Mauriya\.m2\repository\org\apache\santuario\xmlsec\2.1.5\xmlsec-2.1.5.jar;C:\Users\Abhishek Mauriya\.m2\repository\commons-codec\commons-codec\1.16.0\commons-codec-1.16.0.jar;C:\Users\Abhishek Mauriya\.m2\repository\org\opensaml\opensaml-saml-impl\3.3.1\opensaml-saml-impl-3.3.1.jar;C:\Users\Abhishek Mauriya\.m2\repository\org\opensaml\opensaml-profile-api\3.3.1\opensaml-profile-api-3.3.1.jar;C:\Users\Abhishek Mauriya\.m2\repository\org\opensaml\opensaml-core\3.3.1\opensaml-core-3.3.1.jar;C:\Users\Abhishek Mauriya\.m2\repository\io\dropwizard\metrics\metrics-core\4.2.22\metrics-core-4.2.22.jar;C:\Users\Abhishek Mauriya\.m2\repository\org\opensaml\opensaml-saml-api\3.3.1\opensaml-saml-api-3.3.1.jar;C:\Users\Abhishek Mauriya\.m2\repository\org\opensaml\opensaml-xmlsec-api\3.3.1\opensaml-xmlsec-api-3.3.1.jar;C:\Users\Abhishek Mauriya\.m2\repository\org\opensaml\opensaml-soap-api\3.3.1\opensaml-soap-api-3.3.1.jar;C:\Users\Abhishek Mauriya\.m2\repository\org\opensaml\opensaml-security-impl\3.3.1\opensaml-security-impl-3.3.1.jar;C:\Users\Abhishek Mauriya\.m2\repository\org\opensaml\opensaml-security-api\3.3.1\opensaml-security-api-3.3.1.jar;C:\Users\Abhishek Mauriya\.m2\repository\org\opensaml\opensaml-xmlsec-impl\3.3.1\opensaml-xmlsec-impl-3.3.1.jar;C:\Users\Abhishek Mauriya\.m2\repository\net\shibboleth\utilities\java-support\7.3.0\java-support-7.3.0.jar;C:\Users\Abhishek Mauriya\.m2\repository\com\google\guava\guava\19.0\guava-19.0.jar;C:\Users\Abhishek Mauriya\.m2\repository\joda-time\joda-time\2.9\joda-time-2.9.jar;C:\Users\Abhishek Mauriya\.m2\repository\org\cryptacular\cryptacular\1.2.4\cryptacular-1.2.4.jar;C:\Users\Abhishek Mauriya\.m2\repository\org\bouncycastle\bcprov-jdk15on\1.64\bcprov-jdk15on-1.64.jar;C:\Users\Abhishek Mauriya\.m2\repository\org\opensaml\opensaml-xacml-impl\3.3.1\opensaml-xacml-impl-3.3.1.jar;C:\Users\Abhishek Mauriya\.m2\repository\org\opensaml\opensaml-xacml-api\3.3.1\opensaml-xacml-api-3.3.1.jar;C:\Users\Abhishek Mauriya\.m2\repository\org\opensaml\opensaml-xacml-saml-impl\3.3.1\opensaml-xacml-saml-impl-3.3.1.jar;C:\Users\Abhishek Mauriya\.m2\repository\org\opensaml\opensaml-xacml-saml-api\3.3.1\opensaml-xacml-saml-api-3.3.1.jar;C:\Users\Abhishek Mauriya\.m2\repository\org\jasypt\jasypt\1.9.3\jasypt-1.9.3.jar;C:\Users\Abhishek Mauriya\.m2\repository\org\apache\geronimo\javamail\geronimo-javamail_1.4_mail\1.8.4\geronimo-javamail_1.4_mail-1.8.4.jar;C:\Users\Abhishek Mauriya\.m2\repository\org\apache\wss4j\wss4j-policy\2.2.5\wss4j-policy-2.2.5.jar;C:\Users\Abhishek Mauriya\.m2\repository\org\apache\neethi\neethi\3.1.1\neethi-3.1.1.jar;C:\Users\Abhishek Mauriya\.m2\repository\org\codehaus\woodstox\woodstox-core-asl\4.4.1\woodstox-core-asl-4.4.1.jar;C:\Users\Abhishek Mauriya\.m2\repository\javax\xml\stream\stax-api\1.0-2\stax-api-1.0-2.jar;C:\Users\Abhishek Mauriya\.m2\repository\org\apache\wss4j\wss4j-ws-security-stax\2.2.5\wss4j-ws-security-stax-2.2.5.jar;C:\Users\Abhishek Mauriya\.m2\repository\org\apache\wss4j\wss4j-bindings\2.2.5\wss4j-bindings-2.2.5.jar;C:\Users\Abhishek Mauriya\.m2\repository\org\apache\wss4j\wss4j-ws-security-policy-stax\2.2.5\wss4j-ws-security-policy-stax-2.2.5.jar;C:\Users\Abhishek Mauriya\.m2\repository\javax\annotation\javax.annotation-api\1.3.2\javax.annotation-api-1.3.2.jar;C:\Users\Abhishek Mauriya\.m2\repository\javax\xml\ws\jaxws-api\2.3.1\jaxws-api-2.3.1.jar;C:\Users\Abhishek Mauriya\.m2\repository\javax\xml\soap\javax.xml.soap-api\1.4.0\javax.xml.soap-api-1.4.0.jar;C:\Users\Abhishek Mauriya\.m2\repository\com\sun\activation\javax.activation\1.2.0\javax.activation-1.2.0.jar;C:\Users\Abhishek Mauriya\.m2\repository\org\apache\geronimo\specs\geronimo-ws-metadata_2.0_spec\1.1.3\geronimo-ws-metadata_2.0_spec-1.1.3.jar;C:\Users\Abhishek Mauriya\.m2\repository\com\sun\xml\messaging\saaj\saaj-impl\3.0.3\saaj-impl-3.0.3.jar;C:\Users\Abhishek Mauriya\.m2\repository\org\jvnet\staxex\stax-ex\2.1.0\stax-ex-2.1.0.jar;C:\Users\Abhishek Mauriya\.m2\repository\org\jacorb\jacorb-omgapi\3.9\jacorb-omgapi-3.9.jar;C:\Users\Abhishek Mauriya\.m2\repository\org\apache\geronimo\specs\geronimo-jta_1.1_spec\1.1.1\geronimo-jta_1.1_spec-1.1.1.jar;C:\Users\Abhishek Mauriya\.m2\repository\org\jboss\spec\javax\rmi\jboss-rmi-api_1.0_spec\1.0.6.Final\jboss-rmi-api_1.0_spec-1.0.6.Final.jar;"/>
    <property name="sun.cpu.endian" value="little"/>
    <property name="user.home" value="C:\Users\Abhishek Mauriya"/>
    <property name="user.language" value="en"/>
    <property name="java.specification.vendor" value="Oracle Corporation"/>
    <property name="java.version.date" value="2023-01-17"/>
    <property name="java.home" value="C:\Program Files\Java\jdk-17"/>
    <property name="file.separator" value="\"/>
    <property name="basedir" value="C:\Users\Abhishek Mauriya\Desktop\My_Projrcts\Spring_Cloud_From_Guru\mssc-beer-service"/>
    <property name="java.vm.compressedOopsMode" value="Zero based"/>
    <property name="line.separator" value="&#10;"/>
    <property name="java.vm.specification.vendor" value="Oracle Corporation"/>
    <property name="java.specification.name" value="Java Platform API Specification"/>
    <property name="FILE_LOG_CHARSET" value="windows-1252"/>
    <property name="java.awt.headless" value="true"/>
    <property name="surefire.real.class.path" value="C:\Users\Abhishek Mauriya\AppData\Local\Temp\surefire1761679549119832656\surefirebooter-20231219195941417_3.jar"/>
    <property name="user.script" value=""/>
    <property name="sun.management.compiler" value="HotSpot 64-Bit Tiered Compilers"/>
    <property name="java.runtime.version" value="17.0.6+9-LTS-190"/>
    <property name="user.name" value="Abhishek Mauriya"/>
    <property name="path.separator" value=";"/>
    <property name="os.version" value="10.0"/>
    <property name="java.runtime.name" value="Java(TM) SE Runtime Environment"/>
    <property name="file.encoding" value="Cp1252"/>
    <property name="java.vm.name" value="Java HotSpot(TM) 64-Bit Server VM"/>
    <property name="localRepository" value="C:\Users\Abhishek Mauriya\.m2\repository"/>
    <property name="java.vendor.url.bug" value="https://bugreport.java.com/bugreport/"/>
    <property name="java.io.tmpdir" value="C:\Users\ABHISH~1\AppData\Local\Temp\"/>
    <property name="com.zaxxer.hikari.pool_number" value="1"/>
    <property name="java.version" value="17.0.6"/>
    <property name="user.dir" value="C:\Users\Abhishek Mauriya\Desktop\My_Projrcts\Spring_Cloud_From_Guru\mssc-beer-service"/>
    <property name="os.arch" value="amd64"/>
    <property name="java.vm.specification.name" value="Java Virtual Machine Specification"/>
    <property name="PID" value="16724"/>
    <property name="sun.os.patch.level" value=""/>
    <property name="CONSOLE_LOG_CHARSET" value="windows-1252"/>
    <property name="native.encoding" value="Cp1252"/>
    <property name="java.library.path" value="C:\Program Files\Java\jdk-17\bin;C:\WINDOWS\Sun\Java\bin;C:\WINDOWS\system32;C:\WINDOWS;C:\Program Files\Common Files\Oracle\Java\javapath;C:\Program Files (x86)\Common Files\Oracle\Java\javapath;C:\Windows\system32;C:\Windows;C:\Windows\System32\Wbem;C:\Windows\System32\WindowsPowerShell\v1.0\;C:\Windows\System32\OpenSSH\;C:\Program Files (x86)\NVIDIA Corporation\PhysX\Common;C:\Program Files\NVIDIA Corporation\NVIDIA NvDLISR;C:\WINDOWS\system32;C:\WINDOWS;C:\WINDOWS\System32\Wbem;C:\WINDOWS\System32\WindowsPowerShell\v1.0\;C:\WINDOWS\System32\OpenSSH\;C:\Program Files\Git\cmd;C:\xampp\mysql\bin;C:\apache-maven-3.8.3\bin;C:\Program Files\Java\jdk-17\bin;C:\Program Files\Docker\Docker\resources\bin;C:\Program Files\PuTTY\;C:\Program Files\Java\jdk1.8.0_361\bin;C:\xampp\mysql\bin;C:\Users\Abhishek Mauriya\AppData\Local\Microsoft\WindowsApps;C:\Users\Abhishek Mauriya\AppData\Local\Programs\Microsoft VS Code\bin;C:\Program Files\JetBrains\IntelliJ IDEA Community Edition 2022.3.2\bin;;;."/>
    <property name="java.vm.info" value="mixed mode, sharing"/>
    <property name="java.vendor" value="Oracle Corporation"/>
    <property name="java.vm.version" value="17.0.6+9-LTS-190"/>
    <property name="sun.io.unicode.encoding" value="UnicodeLittle"/>
    <property name="java.class.version" value="61.0"/>
  </properties>
  <testcase name="contextLoads" classname="org.mourya.msscbeerservice.MsscBeerServiceApplicationTests" time="0.651">
    <system-out><![CDATA[19:59:42.635 [main] INFO org.springframework.test.context.support.AnnotationConfigContextLoaderUtils -- Could not detect default configuration classes for test class [org.mourya.msscbeerservice.MsscBeerServiceApplicationTests]: MsscBeerServiceApplicationTests does not declare any static, non-private, non-final, nested classes annotated with @Configuration.
19:59:42.763 [main] INFO org.springframework.boot.test.context.SpringBootTestContextBootstrapper -- Found @SpringBootConfiguration org.mourya.msscbeerservice.MsscBeerServiceApplication for test class org.mourya.msscbeerservice.MsscBeerServiceApplicationTests
19:59:42.955 [main] INFO org.springframework.boot.devtools.restart.RestartApplicationListener -- Restart disabled due to context in which it is running

  .   ____          _            __ _ _
 /\\ / ___'_ __ _ _(_)_ __  __ _ \ \ \ \
( ( )\___ | '_ | '_| | '_ \/ _` | \ \ \ \
 \\/  ___)| |_)| | | | | || (_| |  ) ) ) )
  '  |____| .__|_| |_|_| |_\__, | / / / /
 =========|_|==============|___/=/_/_/_/
 :: Spring Boot ::                (v3.2.0)

2023-12-19T19:59:43.252+05:30  INFO 16724 --- [           main] o.m.m.MsscBeerServiceApplicationTests    : Starting MsscBeerServiceApplicationTests using Java 17.0.6 with PID 16724 (started by Abhishek Mauriya in C:\Users\Abhishek Mauriya\Desktop\My_Projrcts\Spring_Cloud_From_Guru\mssc-beer-service)
2023-12-19T19:59:43.253+05:30  INFO 16724 --- [           main] o.m.m.MsscBeerServiceApplicationTests    : No active profile set, falling back to 1 default profile: "default"
2023-12-19T19:59:44.596+05:30  INFO 16724 --- [           main] .s.d.r.c.RepositoryConfigurationDelegate : Bootstrapping Spring Data JPA repositories in DEFAULT mode.
2023-12-19T19:59:44.680+05:30  INFO 16724 --- [           main] .s.d.r.c.RepositoryConfigurationDelegate : Finished Spring Data repository scanning in 73 ms. Found 1 JPA repository interface.
2023-12-19T19:59:45.761+05:30  INFO 16724 --- [           main] .e.s.o.t.o.p.UpfrontAllocatingPageSource : Allocating 1MB in chunks
2023-12-19T19:59:45.806+05:30  INFO 16724 --- [           main] org.ehcache.core.EhcacheManager          : Cache 'beerCache' created in EhcacheManager.
2023-12-19T19:59:45.821+05:30  INFO 16724 --- [           main] org.ehcache.jsr107.Eh107CacheManager     : Registering Ehcache MBean javax.cache:type=CacheStatistics,CacheManager=urn.X-ehcache.jsr107-default-config,Cache=beerCache
2023-12-19T19:59:45.826+05:30  INFO 16724 --- [           main] .e.s.o.t.o.p.UpfrontAllocatingPageSource : Allocating 1MB in chunks
2023-12-19T19:59:45.831+05:30  INFO 16724 --- [           main] org.ehcache.core.EhcacheManager          : Cache 'beerListCache' created in EhcacheManager.
2023-12-19T19:59:45.832+05:30  INFO 16724 --- [           main] org.ehcache.jsr107.Eh107CacheManager     : Registering Ehcache MBean javax.cache:type=CacheStatistics,CacheManager=urn.X-ehcache.jsr107-default-config,Cache=beerListCache
2023-12-19T19:59:46.131+05:30  INFO 16724 --- [           main] com.zaxxer.hikari.HikariDataSource       : HikariPool-1 - Starting...
2023-12-19T19:59:46.416+05:30  INFO 16724 --- [           main] com.zaxxer.hikari.pool.HikariPool        : HikariPool-1 - Added connection conn0: url=jdbc:h2:mem:3191dce3-01af-4ee7-b21c-bacb1a26f17e user=SA
2023-12-19T19:59:46.419+05:30  INFO 16724 --- [           main] com.zaxxer.hikari.HikariDataSource       : HikariPool-1 - Start completed.
2023-12-19T19:59:46.483+05:30  INFO 16724 --- [           main] o.hibernate.jpa.internal.util.LogHelper  : HHH000204: Processing PersistenceUnitInfo [name: default]
2023-12-19T19:59:46.586+05:30  INFO 16724 --- [           main] org.hibernate.Version                    : HHH000412: Hibernate ORM core version 6.3.1.Final
2023-12-19T19:59:46.642+05:30  INFO 16724 --- [           main] o.h.c.internal.RegionFactoryInitiator    : HHH000026: Second-level cache disabled
2023-12-19T19:59:46.976+05:30  INFO 16724 --- [           main] o.s.o.j.p.SpringPersistenceUnitInfo      : No LoadTimeWeaver setup: ignoring JPA class transformer
2023-12-19T19:59:47.916+05:30  INFO 16724 --- [           main] o.h.e.t.j.p.i.JtaPlatformInitiator       : HHH000489: No JTA platform available (set 'hibernate.transaction.jta.platform' to enable JTA platform integration)
2023-12-19T19:59:47.948+05:30  INFO 16724 --- [           main] j.LocalContainerEntityManagerFactoryBean : Initialized JPA EntityManagerFactory for persistence unit 'default'
2023-12-19T19:59:49.203+05:30  WARN 16724 --- [           main] JpaBaseConfiguration$JpaWebConfiguration : spring.jpa.open-in-view is enabled by default. Therefore, database queries may be performed during view rendering. Explicitly configure spring.jpa.open-in-view to disable this warning
2023-12-19T19:59:50.363+05:30  INFO 16724 --- [           main] o.s.b.a.e.web.EndpointLinksResolver      : Exposing 1 endpoint(s) beneath base path '/actuator'
2023-12-19T19:59:50.462+05:30  INFO 16724 --- [           main] o.m.m.MsscBeerServiceApplicationTests    : Started MsscBeerServiceApplicationTests in 7.523 seconds (process running for 8.78)
]]></system-out>
  </testcase>
</testsuite>